1706946450832:hello
1707115996857:requestResponse
1707117824943:sum
1707117861171:req
1707118151616:shell
1707118163679:aashell
1707118170097:req
1707118186157:helprereq
1707202418767:req
1707202488916:res
1707202491894:req
1707202509810:req-res
1707202630379:sum
1707202748196:fireandforget
1707202791371:fire-and-forget
1707202844247:req-and-res
1707204023922:fire-and-forget
1707204186121:req-str
1707204277797:channel
1707204571388:stststshell
1707204575591:shell
1707204577772:stshell
1707204677586:stopstshell
1707205256520:shell
1707205258264:channel
1707205267272:r
1707205820745:req-and-res
1707206015399:shell
1707206023989:fire-and-forget
1707206177609:req-and-str
1707206190115:req-str
1707206381576:channel
